========================================================================= 
Log Path: /tmp/log/Airmeas.log 
Program Path: /home/ubuntu/OLA5/Opgave2.R 
Working Directory: /home/ubuntu/OLA5 
User Name: ubuntu 
R Version: 4.3.3 (2024-02-29) 
Machine: ip-172-31-38-109 x86_64 
Operating System: Linux 6.8.0-1019-aws #21-Ubuntu SMP Wed Nov 6 21:21:49 UTC 2024 
Base Packages: stats graphics grDevices utils datasets methods base 
Other Packages: logr_1.3.8 common_1.1.3 lubridate_1.9.3 dplyr_1.1.4 RMariaDB_1.3.3 httr_1.4.7 xml2_1.3.6 rvest_1.0.4 
Log Start Time: 2024-12-05 11:08:09.412457 
========================================================================= 

2024-12-05 11:08:09.413694 Nu køre script 

NOTE: Log Print Time:  2024-12-05 11:08:09.41416 
NOTE: Elapsed Time: 0.000925779342651367 secs 

2024-12-05 11:08:09.415173 Begynde med webscrape HCAB 

NOTE: Log Print Time:  2024-12-05 11:08:09.415553 
NOTE: Elapsed Time: 0.00139307975769043 secs 

2024-12-05 11:08:11.265543 Succesfuldt webscrape HCAB 

NOTE: Log Print Time:  2024-12-05 11:08:11.266164 
NOTE: Elapsed Time: 1.85061049461365 secs 

2024-12-05 11:08:11.266644 Begynde med webscrape Anholt 

NOTE: Log Print Time:  2024-12-05 11:08:11.267556 
NOTE: Elapsed Time: 0.00139260292053223 secs 

2024-12-05 11:08:12.181751 Succesfuldt webscrape Anholt 

NOTE: Log Print Time:  2024-12-05 11:08:12.182436 
NOTE: Elapsed Time: 0.914879560470581 secs 

2024-12-05 11:08:12.183106 Begynde med webscrape Aarhus 

NOTE: Log Print Time:  2024-12-05 11:08:12.183647 
NOTE: Elapsed Time: 0.00121116638183594 secs 

2024-12-05 11:08:13.410168 Succesfuldt webscrape Aarhus 

NOTE: Log Print Time:  2024-12-05 11:08:13.410738 
NOTE: Elapsed Time: 1.22709107398987 secs 

2024-12-05 11:08:13.411202 Begynde med webscrape Risoe 

NOTE: Log Print Time:  2024-12-05 11:08:13.411655 
NOTE: Elapsed Time: 0.000916719436645508 secs 

2024-12-05 11:08:14.694594 Succesfuldt webscrape Risoe 

NOTE: Log Print Time:  2024-12-05 11:08:14.695111 
NOTE: Elapsed Time: 1.28345561027527 secs 

2024-12-05 11:08:14.744993 Hente databaser fra SQL 

NOTE: Log Print Time:  2024-12-05 11:08:14.745614 
NOTE: Elapsed Time: 0.0505032539367676 secs 

2024-12-05 11:08:14.81797 Filtere nyeste dataer 

NOTE: Log Print Time:  2024-12-05 11:08:14.818474 
NOTE: Elapsed Time: 0.0728602409362793 secs 

2024-12-05 11:08:14.827267 Tilføje filtered dataer til SQL databser 

NOTE: Log Print Time:  2024-12-05 11:08:14.827775 
NOTE: Elapsed Time: 0.00930118560791016 secs 

========================================================================= 
Log End Time: 2024-12-05 11:08:14.890328 
Log Elapsed Time: 0 00:00:05 
========================================================================= 
