========================================================================= 
Log Path: /tmp/log/Airmeas20241208.log 
Program Path: /home/ubuntu/tmp/Airmeas/opgave2.R 
Working Directory: /home/ubuntu/tmp/Airmeas 
User Name: ubuntu 
R Version: 4.3.3 (2024-02-29) 
Machine: ip-172-31-38-109 x86_64 
Operating System: Linux 6.8.0-1019-aws #21-Ubuntu SMP Wed Nov 6 21:21:49 UTC 2024 
Base Packages: stats graphics grDevices utils datasets methods base 
Other Packages: logr_1.3.8 common_1.1.3 lubridate_1.9.3 dplyr_1.1.4 RMariaDB_1.3.3 httr_1.4.7 xml2_1.3.6 rvest_1.0.4 
Log Start Time: 2024-12-08 13:23:29.901885 
========================================================================= 

2024-12-08 13:23:29.902889 Nu køre script 

NOTE: Log Print Time:  2024-12-08 13:23:29.903312 
NOTE: Elapsed Time: 0.000765085220336914 secs 

2024-12-08 13:23:29.904193 Begynde med webscrape HCAB 

NOTE: Log Print Time:  2024-12-08 13:23:29.90455 
NOTE: Elapsed Time: 0.00123786926269531 secs 

2024-12-08 13:23:31.745421 Succesfuldt webscrape HCAB 

NOTE: Log Print Time:  2024-12-08 13:23:31.745882 
NOTE: Elapsed Time: 1.84133195877075 secs 

2024-12-08 13:23:31.746274 Begynde med webscrape Anholt 

NOTE: Log Print Time:  2024-12-08 13:23:31.746615 
NOTE: Elapsed Time: 0.000733375549316406 secs 

2024-12-08 13:23:32.634324 Succesfuldt webscrape Anholt 

NOTE: Log Print Time:  2024-12-08 13:23:32.634807 
NOTE: Elapsed Time: 0.888191699981689 secs 

2024-12-08 13:23:32.635205 Begynde med webscrape Aarhus 

NOTE: Log Print Time:  2024-12-08 13:23:32.635555 
NOTE: Elapsed Time: 0.000748157501220703 secs 

2024-12-08 13:23:33.872186 Succesfuldt webscrape Aarhus 

NOTE: Log Print Time:  2024-12-08 13:23:33.872651 
NOTE: Elapsed Time: 1.23709583282471 secs 

2024-12-08 13:23:33.873054 Begynde med webscrape Risoe 

NOTE: Log Print Time:  2024-12-08 13:23:33.873385 
NOTE: Elapsed Time: 0.000734090805053711 secs 

2024-12-08 13:23:35.182414 Succesfuldt webscrape Risoe 

NOTE: Log Print Time:  2024-12-08 13:23:35.182849 
NOTE: Elapsed Time: 1.3094642162323 secs 

2024-12-08 13:23:35.232095 Hente databaser fra SQL 

NOTE: Log Print Time:  2024-12-08 13:23:35.232511 
NOTE: Elapsed Time: 0.0496618747711182 secs 

2024-12-08 13:23:35.295483 Filtere nyeste dataer 

NOTE: Log Print Time:  2024-12-08 13:23:35.295922 
NOTE: Elapsed Time: 0.0634109973907471 secs 

2024-12-08 13:23:35.303881 Tilføje filtered dataer til SQL databser 

NOTE: Log Print Time:  2024-12-08 13:23:35.304252 
NOTE: Elapsed Time: 0.0083305835723877 secs 

========================================================================= 
Log End Time: 2024-12-08 13:23:35.543736 
Log Elapsed Time: 0 00:00:05 
========================================================================= 
